27/10/2020 10:17:24 | [INFO] | admin - création de compte
27/10/2020 10:17:32 | [INFO] | jean - création de compte
27/10/2020 10:17:43 | [INFO] | paul - création de compte
27/10/2020 10:17:49 | [INFO] | jean - connexion réussie
27/10/2020 10:17:49 | [INFO] | jean - accès à son profil
27/10/2020 10:17:56 | [INFO] | jean - black_bars.png sauvegardé
27/10/2020 10:17:56 | [INFO] | jean - record SQL ajouté
27/10/2020 10:18:02 | [INFO] | jean - preview.png sauvegardé
27/10/2020 10:18:02 | [INFO] | jean - record SQL ajouté
27/10/2020 10:18:06 | [INFO] | jean - 160708-joiner-hunter-s-thompson3-embed_ywnkey.jpg sauvegardé
27/10/2020 10:18:06 | [INFO] | jean - record SQL ajouté
27/10/2020 10:18:08 | [INFO] | jean - déconnexion
27/10/2020 10:18:13 | [INFO] | paul - connexion réussie
27/10/2020 10:18:13 | [INFO] | paul - accès à son profil
27/10/2020 10:18:28 | [INFO] | paul - facture_gopro.jpeg sauvegardé
27/10/2020 10:18:28 | [INFO] | paul - record SQL ajouté
27/10/2020 10:18:37 | [INFO] | paul - 20200109_163143.jpg sauvegardé
27/10/2020 10:18:37 | [INFO] | paul - record SQL ajouté
27/10/2020 10:18:41 | [INFO] | paul - 0.jpg sauvegardé
27/10/2020 10:18:41 | [INFO] | paul - record SQL ajouté
27/10/2020 10:18:46 | [INFO] | paul - preview.png sauvegardé
27/10/2020 10:18:46 | [INFO] | paul - record SQL ajouté
27/10/2020 10:18:50 | [INFO] | paul - accès à ses analyses
27/10/2020 10:18:51 | [INFO] | paul - accès à ses images
27/10/2020 10:18:55 | [INFO] | paul - déconnexion
27/10/2020 10:20:23 | [INFO] | admin - app/static/uploads/preview.png supprimé.
27/10/2020 10:20:23 | [INFO] | admin - record SQL #{file_id} supprimé.
27/10/2020 10:25:15 | [INFO] | admin - app/static/uploads/black_bars.png supprimé.
27/10/2020 10:25:15 | [INFO] | admin - record SQL #{file_id} supprimé.
27/10/2020 10:25:17 | [INFO] | admin - record SQL #{file_id} supprimé.
27/10/2020 10:25:25 | [INFO] | admin - app/static/uploads/160708-joiner-hunter-s-thompson3-embed_ywnkey.jpg supprimé.
27/10/2020 10:25:25 | [INFO] | admin - record SQL #{file_id} supprimé.
27/10/2020 10:32:35 | [INFO] | admin - déconnexion
27/10/2020 10:32:42 | [INFO] | jean - connexion réussie
27/10/2020 10:32:42 | [INFO] | jean - accès à son profil
27/10/2020 10:32:44 | [INFO] | jean - accès à son profil
27/10/2020 10:32:46 | [INFO] | jean - accès à ses images
27/10/2020 10:32:47 | [INFO] | jean - accès à ses analyses
27/10/2020 10:32:51 | [INFO] | jean - accès à ses images
27/10/2020 10:32:55 | [INFO] | jean - preview.png sauvegardé
27/10/2020 10:32:55 | [INFO] | jean - record SQL ajouté
27/10/2020 10:32:56 | [ERROR] | jean - erreur d'envoi de fichier
27/10/2020 10:32:59 | [INFO] | jean - 160708-joiner-hunter-s-thompson3-embed_ywnkey.jpg sauvegardé
27/10/2020 10:32:59 | [INFO] | jean - record SQL ajouté
27/10/2020 10:33:09 | [INFO] | jean - accès à ses images
27/10/2020 10:33:21 | [INFO] | jean - déconnexion
27/10/2020 11:06:17 | [INFO] | jean - connexion réussie
27/10/2020 11:06:17 | [INFO] | jean - accès à son profil
27/10/2020 11:06:22 | [INFO] | jean - accès à son profil
27/10/2020 11:06:23 | [INFO] | jean - accès à ses images
27/10/2020 11:06:25 | [INFO] | jean - accès à ses analyses
27/10/2020 11:06:51 | [INFO] | jean - accès à ses analyses
27/10/2020 11:06:52 | [INFO] | jean - accès à ses analyses
27/10/2020 11:07:00 | [INFO] | jean - accès à ses analyses
27/10/2020 11:07:05 | [INFO] | jean - accès à ses images
27/10/2020 11:07:06 | [INFO] | jean - accès à son profil
27/10/2020 11:07:12 | [INFO] | jean - déconnexion
